example/build/app/intermediates/manifest_merge_blame_file/debug/manifest-merger-blame-debug-report.txt
1<?xml version="1.0" encoding="utf-8"?>
2<manifest xmlns:android="http://schemas.android.com/apk/res/android"
3    package="io.flutter.plugins.googlemobileadsexample"
4    android:versionCode="1"
5    android:versionName="1.0" >
6
7    <uses-sdk
8        android:minSdkVersion="21"
8-->src/main/AndroidManifest.xml
9        android:targetSdkVersion="34" />
9-->src/main/AndroidManifest.xml
10
11    <uses-permission android:name="android.permission.INTERNET" />
11-->src/main/AndroidManifest.xml:4:5-66
11-->src/main/AndroidManifest.xml:4:22-64
12
13    <permission
13-->[androidx.core:core:1.13.1] AndroidManifest.xml:22:5-24:47
14        android:name="io.flutter.plugins.googlemobileadsexample.DYNAMIC_RECEIVER_NOT_EXPORTED_PERMISSION"
14-->[androidx.core:core:1.13.1] AndroidManifest.xml:23:9-81
15        android:protectionLevel="signature" />
15-->[androidx.core:core:1.13.1] AndroidManifest.xml:24:9-44
16
17    <uses-permission android:name="io.flutter.plugins.googlemobileadsexample.DYNAMIC_RECEIVER_NOT_EXPORTED_PERMISSION" />
17-->[androidx.core:core:1.13.1] AndroidManifest.xml:26:5-97
17-->[androidx.core:core:1.13.1] AndroidManifest.xml:26:22-94
18
19    <application
20        android:name="android.app.Application"
20-->src/main/AndroidManifest.xml:6:18-51
21        android:appComponentFactory="androidx.core.app.CoreComponentFactory"
21-->[androidx.core:core:1.13.1] AndroidManifest.xml:28:18-86
22        android:debuggable="true"
23        android:icon="@mipmap/ic_launcher"
23-->src/main/AndroidManifest.xml:6:94-128
24        android:label="google_mobile_ads_example" >
24-->src/main/AndroidManifest.xml:6:52-93
25        <meta-data
25-->src/main/AndroidManifest.xml:7:9-9:69
26            android:name="com.google.android.gms.ads.APPLICATION_ID"
26-->src/main/AndroidManifest.xml:8:13-69
27            android:value="ca-app-pub-3940256099942544~3347511713" />
27-->src/main/AndroidManifest.xml:9:13-67
28
29        <activity
29-->src/main/AndroidManifest.xml:10:7-20:18
30            android:name="io.flutter.plugins.googlemobileadsexample.MainActivity"
30-->src/main/AndroidManifest.xml:10:17-86
31            android:configChanges="orientation|keyboardHidden|keyboard|screenSize|locale|layoutDirection|fontScale"
31-->src/main/AndroidManifest.xml:12:9-112
32            android:exported="true"
32-->src/main/AndroidManifest.xml:14:9-32
33            android:hardwareAccelerated="true"
33-->src/main/AndroidManifest.xml:13:9-43
34            android:theme="@android:style/Theme.Black.NoTitleBar"
34-->src/main/AndroidManifest.xml:11:9-62
35            android:windowSoftInputMode="adjustResize" >
35-->src/main/AndroidManifest.xml:15:9-51
36            <intent-filter>
36-->src/main/AndroidManifest.xml:16:9-19:25
37                <action android:name="android.intent.action.MAIN" />
37-->src/main/AndroidManifest.xml:17:11-62
37-->src/main/AndroidManifest.xml:17:19-60
38
39                <category android:name="android.intent.category.LAUNCHER" />
39-->src/main/AndroidManifest.xml:18:11-70
39-->src/main/AndroidManifest.xml:18:21-68
40            </intent-filter>
41        </activity>
42
43        <meta-data
43-->src/main/AndroidManifest.xml:21:7-69
44            android:name="flutterEmbedding"
44-->src/main/AndroidManifest.xml:21:18-49
45            android:value="2" />
45-->src/main/AndroidManifest.xml:21:50-67
46        <meta-data
46-->[:google_mobile_ads] AndroidManifest.xml:10:9-12:36
47            android:name="io.flutter.embedded_views_preview"
47-->[:google_mobile_ads] AndroidManifest.xml:11:13-61
48            android:value="true" />
48-->[:google_mobile_ads] AndroidManifest.xml:12:13-33
49        <meta-data
49-->[com.google.android.gms:play-services-basement:18.4.0] AndroidManifest.xml:6:9-122
50            android:name="com.google.android.gms.version"
50-->[com.google.android.gms:play-services-basement:18.4.0] AndroidManifest.xml:6:20-65
51            android:value="@integer/google_play_services_version" />
51-->[com.google.android.gms:play-services-basement:18.4.0] AndroidManifest.xml:6:66-119
52
53        <uses-library
53-->[androidx.window:window:1.2.0] AndroidManifest.xml:23:9-25:40
54            android:name="androidx.window.extensions"
54-->[androidx.window:window:1.2.0] AndroidManifest.xml:24:13-54
55            android:required="false" />
55-->[androidx.window:window:1.2.0] AndroidManifest.xml:25:13-37
56        <uses-library
56-->[androidx.window:window:1.2.0] AndroidManifest.xml:26:9-28:40
57            android:name="androidx.window.sidecar"
57-->[androidx.window:window:1.2.0] AndroidManifest.xml:27:13-51
58            android:required="false" />
58-->[androidx.window:window:1.2.0] AndroidManifest.xml:28:13-37
59
60        <provider
60-->[androidx.lifecycle:lifecycle-process:2.7.0] AndroidManifest.xml:24:9-32:20
61            android:name="androidx.startup.InitializationProvider"
61-->[androidx.lifecycle:lifecycle-process:2.7.0] AndroidManifest.xml:25:13-67
62            android:authorities="io.flutter.plugins.googlemobileadsexample.androidx-startup"
62-->[androidx.lifecycle:lifecycle-process:2.7.0] AndroidManifest.xml:26:13-68
63            android:exported="false" >
63-->[androidx.lifecycle:lifecycle-process:2.7.0] AndroidManifest.xml:27:13-37
64            <meta-data
64-->[androidx.lifecycle:lifecycle-process:2.7.0] AndroidManifest.xml:29:13-31:52
65                android:name="androidx.lifecycle.ProcessLifecycleInitializer"
65-->[androidx.lifecycle:lifecycle-process:2.7.0] AndroidManifest.xml:30:17-78
66                android:value="androidx.startup" />
66-->[androidx.lifecycle:lifecycle-process:2.7.0] AndroidManifest.xml:31:17-49
67            <meta-data
67-->[androidx.profileinstaller:profileinstaller:1.3.1] AndroidManifest.xml:29:13-31:52
68                android:name="androidx.profileinstaller.ProfileInstallerInitializer"
68-->[androidx.profileinstaller:profileinstaller:1.3.1] AndroidManifest.xml:30:17-85
69                android:value="androidx.startup" />
69-->[androidx.profileinstaller:profileinstaller:1.3.1] AndroidManifest.xml:31:17-49
70        </provider>
71
72        <receiver
72-->[androidx.profileinstaller:profileinstaller:1.3.1] AndroidManifest.xml:34:9-52:20
73            android:name="androidx.profileinstaller.ProfileInstallReceiver"
73-->[androidx.profileinstaller:profileinstaller:1.3.1] AndroidManifest.xml:35:13-76
74            android:directBootAware="false"
74-->[androidx.profileinstaller:profileinstaller:1.3.1] AndroidManifest.xml:36:13-44
75            android:enabled="true"
75-->[androidx.profileinstaller:profileinstaller:1.3.1] AndroidManifest.xml:37:13-35
76            android:exported="true"
76-->[androidx.profileinstaller:profileinstaller:1.3.1] AndroidManifest.xml:38:13-36
77            android:permission="android.permission.DUMP" >
77-->[androidx.profileinstaller:profileinstaller:1.3.1] AndroidManifest.xml:39:13-57
78            <intent-filter>
78-->[androidx.profileinstaller:profileinstaller:1.3.1] AndroidManifest.xml:40:13-42:29
79                <action android:name="androidx.profileinstaller.action.INSTALL_PROFILE" />
79-->[androidx.profileinstaller:profileinstaller:1.3.1] AndroidManifest.xml:41:17-91
79-->[androidx.profileinstaller:profileinstaller:1.3.1] AndroidManifest.xml:41:25-88
80            </intent-filter>
81            <intent-filter>
81-->[androidx.profileinstaller:profileinstaller:1.3.1] AndroidManifest.xml:43:13-45:29
82                <action android:name="androidx.profileinstaller.action.SKIP_FILE" />
82-->[androidx.profileinstaller:profileinstaller:1.3.1] AndroidManifest.xml:44:17-85
82-->[androidx.profileinstaller:profileinstaller:1.3.1] AndroidManifest.xml:44:25-82
83            </intent-filter>
84            <intent-filter>
84-->[androidx.profileinstaller:profileinstaller:1.3.1] AndroidManifest.xml:46:13-48:29
85                <action android:name="androidx.profileinstaller.action.SAVE_PROFILE" />
85-->[androidx.profileinstaller:profileinstaller:1.3.1] AndroidManifest.xml:47:17-88
85-->[androidx.profileinstaller:profileinstaller:1.3.1] AndroidManifest.xml:47:25-85
86            </intent-filter>
87            <intent-filter>
87-->[androidx.profileinstaller:profileinstaller:1.3.1] AndroidManifest.xml:49:13-51:29
88                <action android:name="androidx.profileinstaller.action.BENCHMARK_OPERATION" />
88-->[androidx.profileinstaller:profileinstaller:1.3.1] AndroidManifest.xml:50:17-95
88-->[androidx.profileinstaller:profileinstaller:1.3.1] AndroidManifest.xml:50:25-92
89            </intent-filter>
90        </receiver>
91    </application>
92
93</manifest>